<?xml version="1.0" encoding="UTF-8"?>
<!-- Generated by org.testng.reporters.JUnitReportReporter -->
<testsuite hostname="Mayuri" failures="0" tests="1" name="Revenue_Calculator_TestClass" time="26.750" errors="0" timestamp="2024-11-27T14:44:03 IST" skipped="0">
  <testcase classname="Revenue_Calculator_TestClass" name="openbrowser" time="26.750"/>
  <system-out/>
</testsuite> <!-- Revenue_Calculator_TestClass -->
